# JRE version: Java(TM) SE Runtime Environment (8.0_144-b01) (build 1.8.0_144-b01)
# Java VM: Java HotSpot(TM) Client VM (25.144-b01 mixed mode windows-x86 )
Heap:
 def new generation   total 39424K, used 16878K [0x06e00000, 0x098c0000, 0x118a0000)
  eden space 35072K,  48% used [0x06e00000, 0x07e76178, 0x09040000)
  from space 4352K,   0% used [0x09480000, 0x09485a30, 0x098c0000)
  to   space 4352K,   0% used [0x09040000, 0x09040000, 0x09480000)
 tenured generation   total 87424K, used 79907K [0x118a0000, 0x16e00000, 0x26e00000)
   the space 87424K,  91% used [0x118a0000, 0x166a8c20, 0x166a8e00, 0x16e00000)
 Metaspace       used 18714K, capacity 19123K, committed 19328K, reserved 19840K
GC Heap History (10 events):
Event: 13389.200 GC heap before
{Heap before GC invocations=15 (full 2):
 def new generation   total 39424K, used 19419K [0x06e00000, 0x098c0000, 0x118a0000)
  eden space 35072K,  47% used [0x06e00000, 0x07e554d8, 0x09040000)
  from space 4352K,  61% used [0x09040000, 0x092e1b10, 0x09480000)
  to   space 4352K,   0% used [0x09480000, 0x09480000, 0x098c0000)
 tenured generation   total 87424K, used 72597K [0x118a0000, 0x16e00000, 0x26e00000)
   the space 87424K,  83% used [0x118a0000, 0x15f85548, 0x15f85600, 0x16e00000)
 Metaspace       used 18714K, capacity 19123K, committed 19328K, reserved 19840K
Event: 13389.257 GC heap after
Heap after GC invocations=16 (full 3):
 def new generation   total 39424K, used 0K [0x06e00000, 0x098c0000, 0x118a0000)
  eden space 35072K,   0% used [0x06e00000, 0x06e00000, 0x09040000)
  from space 4352K,   0% used [0x09480000, 0x09480000, 0x098c0000)
  to   space 4352K,   0% used [0x09040000, 0x09040000, 0x09480000)
 tenured generation   total 87424K, used 49027K [0x118a0000, 0x16e00000, 0x26e00000)
   the space 87424K,  56% used [0x118a0000, 0x14880d08, 0x14880e00, 0x16e00000)
 Metaspace       used 18714K, capacity 19123K, committed 19328K, reserved 19840K
}
Event: 13389.493 GC heap before
{Heap before GC invocations=16 (full 3):
 def new generation   total 39424K, used 34258K [0x06e00000, 0x098c0000, 0x118a0000)
  eden space 35072K,  97% used [0x06e00000, 0x08f74bb0, 0x09040000)
  from space 4352K,   0% used [0x09480000, 0x09480000, 0x098c0000)
  to   space 4352K,   0% used [0x09040000, 0x09040000, 0x09480000)
 tenured generation   total 87424K, used 49027K [0x118a0000, 0x16e00000, 0x26e00000)
   the space 87424K,  56% used [0x118a0000, 0x14880d08, 0x14880e00, 0x16e00000)
 Metaspace       used 18714K, capacity 19123K, committed 19328K, reserved 19840K
Event: 13389.500 GC heap after
Heap after GC invocations=17 (full 3):
 def new generation   total 39424K, used 326K [0x06e00000, 0x098c0000, 0x118a0000)
  eden space 35072K,   0% used [0x06e00000, 0x06e00000, 0x09040000)
  from space 4352K,   7% used [0x09040000, 0x09091a30, 0x09480000)
  to   space 4352K,   0% used [0x09480000, 0x09480000, 0x098c0000)
 tenured generation   total 87424K, used 82508K [0x118a0000, 0x16e00000, 0x26e00000)
   the space 87424K,  94% used [0x118a0000, 0x169333a8, 0x16933400, 0x16e00000)
 Metaspace       used 18714K, capacity 19123K, committed 19328K, reserved 19840K
}
Event: 13391.911 GC heap before
{Heap before GC invocations=17 (full 3):
 def new generation   total 39424K, used 15958K [0x06e00000, 0x098c0000, 0x118a0000)
  eden space 35072K,  44% used [0x06e00000, 0x07d44028, 0x09040000)
  from space 4352K,   7% used [0x09040000, 0x09091a30, 0x09480000)
  to   space 4352K,   0% used [0x09480000, 0x09480000, 0x098c0000)
 tenured generation   total 87424K, used 82508K [0x118a0000, 0x16e00000, 0x26e00000)
   the space 87424K,  94% used [0x118a0000, 0x169333a8, 0x16933400, 0x16e00000)
 Metaspace       used 18714K, capacity 19123K, committed 19328K, reserved 19840K
Event: 13391.981 GC heap after
Heap after GC invocations=18 (full 4):
 def new generation   total 39424K, used 0K [0x06e00000, 0x098c0000, 0x118a0000)
  eden space 35072K,   0% used [0x06e00000, 0x06e00000, 0x09040000)
  from space 4352K,   0% used [0x09480000, 0x09480000, 0x098c0000)
  to   space 4352K,   0% used [0x09040000, 0x09040000, 0x09480000)
 tenured generation   total 87424K, used 28077K [0x118a0000, 0x16e00000, 0x26e00000)
   the space 87424K,  32% used [0x118a0000, 0x1340b4d8, 0x1340b600, 0x16e00000)
 Metaspace       used 18714K, capacity 19123K, committed 19328K, reserved 19840K
}
Event: 13396.231 GC heap before
{Heap before GC invocations=18 (full 4):
 def new generation   total 39424K, used 28075K [0x06e00000, 0x098c0000, 0x118a0000)
  eden space 35072K,  80% used [0x06e00000, 0x0896ad90, 0x09040000)
  from space 4352K,   0% used [0x09480000, 0x09480000, 0x098c0000)
  to   space 4352K,   0% used [0x09040000, 0x09040000, 0x09480000)
 tenured generation   total 87424K, used 28077K [0x118a0000, 0x16e00000, 0x26e00000)
   the space 87424K,  32% used [0x118a0000, 0x1340b4d8, 0x1340b600, 0x16e00000)
 Metaspace       used 18714K, capacity 19123K, committed 19328K, reserved 19840K
Event: 13396.238 GC heap after
Heap after GC invocations=19 (full 4):
 def new generation   total 39424K, used 2695K [0x06e00000, 0x098c0000, 0x118a0000)
  eden space 35072K,   0% used [0x06e00000, 0x06e00000, 0x09040000)
  from space 4352K,  61% used [0x09040000, 0x092e1db8, 0x09480000)
  to   space 4352K,   0% used [0x09480000, 0x09480000, 0x098c0000)
 tenured generation   total 87424K, used 52654K [0x118a0000, 0x16e00000, 0x26e00000)
   the space 87424K,  60% used [0x118a0000, 0x14c0bbc8, 0x14c0bc00, 0x16e00000)
 Metaspace       used 18714K, capacity 19123K, committed 19328K, reserved 19840K
}
Event: 13398.307 GC heap before
{Heap before GC invocations=19 (full 4):
 def new generation   total 39424K, used 27948K [0x06e00000, 0x098c0000, 0x118a0000)
  eden space 35072K,  72% used [0x06e00000, 0x086a9300, 0x09040000)
  from space 4352K,  61% used [0x09040000, 0x092e1db8, 0x09480000)
  to   space 4352K,   0% used [0x09480000, 0x09480000, 0x098c0000)
 tenured generation   total 87424K, used 52654K [0x118a0000, 0x16e00000, 0x26e00000)
   the space 87424K,  60% used [0x118a0000, 0x14c0bbc8, 0x14c0bc00, 0x16e00000)
 Metaspace       used 18714K, capacity 19123K, committed 19328K, reserved 19840K
Event: 13398.314 GC heap after
Heap after GC invocations=20 (full 4):
 def new generation   total 39424K, used 22K [0x06e00000, 0x098c0000, 0x118a0000)
  eden space 35072K,   0% used [0x06e00000, 0x06e00000, 0x09040000)
  from space 4352K,   0% used [0x09480000, 0x09485a30, 0x098c0000)
  to   space 4352K,   0% used [0x09040000, 0x09040000, 0x09480000)
 tenured generation   total 87424K, used 79907K [0x118a0000, 0x16e00000, 0x26e00000)
   the space 87424K,  91% used [0x118a0000, 0x166a8c20, 0x166a8e00, 0x16e00000)
 Metaspace       used 18714K, capacity 19123K, committed 19328K, reserved 19840K
}

