# JRE version: Java(TM) SE Runtime Environment (8.0_144-b01) (build 1.8.0_144-b01)
# Java VM: Java HotSpot(TM) Client VM (25.144-b01 mixed mode windows-x86 )
Heap:
 def new generation   total 58368K, used 44608K [0x07000000, 0x0af50000, 0x11aa0000)
  eden space 51904K,  80% used [0x07000000, 0x098fb950, 0x0a2b0000)
  from space 6464K,  40% used [0x0a900000, 0x0ab94750, 0x0af50000)
  to   space 6464K,   0% used [0x0a2b0000, 0x0a2b0000, 0x0a900000)
 tenured generation   total 129500K, used 78447K [0x11aa0000, 0x19917000, 0x27000000)
   the space 129500K,  60% used [0x11aa0000, 0x1673bdc8, 0x1673be00, 0x19917000)
 Metaspace       used 19913K, capacity 20361K, committed 20608K, reserved 20864K
GC Heap History (10 events):
Event: 7002.943 GC heap before
{Heap before GC invocations=61 (full 3):
 def new generation   total 58368K, used 47251K [0x07000000, 0x0af50000, 0x11aa0000)
  eden space 51904K,  86% used [0x07000000, 0x09bcc988, 0x0a2b0000)
  from space 6464K,  37% used [0x0a2b0000, 0x0a5085a0, 0x0a900000)
  to   space 6464K,   0% used [0x0a900000, 0x0a900000, 0x0af50000)
 tenured generation   total 129500K, used 78447K [0x11aa0000, 0x19917000, 0x27000000)
   the space 129500K,  60% used [0x11aa0000, 0x1673bdc8, 0x1673be00, 0x19917000)
 Metaspace       used 19913K, capacity 20361K, committed 20608K, reserved 20864K
Event: 7002.945 GC heap after
Heap after GC invocations=62 (full 3):
 def new generation   total 58368K, used 2654K [0x07000000, 0x0af50000, 0x11aa0000)
  eden space 51904K,   0% used [0x07000000, 0x07000000, 0x0a2b0000)
  from space 6464K,  41% used [0x0a900000, 0x0ab979a0, 0x0af50000)
  to   space 6464K,   0% used [0x0a2b0000, 0x0a2b0000, 0x0a900000)
 tenured generation   total 129500K, used 78447K [0x11aa0000, 0x19917000, 0x27000000)
   the space 129500K,  60% used [0x11aa0000, 0x1673bdc8, 0x1673be00, 0x19917000)
 Metaspace       used 19913K, capacity 20361K, committed 20608K, reserved 20864K
}
Event: 7010.442 GC heap before
{Heap before GC invocations=62 (full 3):
 def new generation   total 58368K, used 48780K [0x07000000, 0x0af50000, 0x11aa0000)
  eden space 51904K,  88% used [0x07000000, 0x09d0b9d0, 0x0a2b0000)
  from space 6464K,  41% used [0x0a900000, 0x0ab979a0, 0x0af50000)
  to   space 6464K,   0% used [0x0a2b0000, 0x0a2b0000, 0x0a900000)
 tenured generation   total 129500K, used 78447K [0x11aa0000, 0x19917000, 0x27000000)
   the space 129500K,  60% used [0x11aa0000, 0x1673bdc8, 0x1673be00, 0x19917000)
 Metaspace       used 19913K, capacity 20361K, committed 20608K, reserved 20864K
Event: 7010.444 GC heap after
Heap after GC invocations=63 (full 3):
 def new generation   total 58368K, used 2639K [0x07000000, 0x0af50000, 0x11aa0000)
  eden space 51904K,   0% used [0x07000000, 0x07000000, 0x0a2b0000)
  from space 6464K,  40% used [0x0a2b0000, 0x0a543c50, 0x0a900000)
  to   space 6464K,   0% used [0x0a900000, 0x0a900000, 0x0af50000)
 tenured generation   total 129500K, used 78447K [0x11aa0000, 0x19917000, 0x27000000)
   the space 129500K,  60% used [0x11aa0000, 0x1673bdc8, 0x1673be00, 0x19917000)
 Metaspace       used 19913K, capacity 20361K, committed 20608K, reserved 20864K
}
Event: 7014.686 GC heap before
{Heap before GC invocations=63 (full 3):
 def new generation   total 58368K, used 45909K [0x07000000, 0x0af50000, 0x11aa0000)
  eden space 51904K,  83% used [0x07000000, 0x09a419c8, 0x0a2b0000)
  from space 6464K,  40% used [0x0a2b0000, 0x0a543c50, 0x0a900000)
  to   space 6464K,   0% used [0x0a900000, 0x0a900000, 0x0af50000)
 tenured generation   total 129500K, used 78447K [0x11aa0000, 0x19917000, 0x27000000)
   the space 129500K,  60% used [0x11aa0000, 0x1673bdc8, 0x1673be00, 0x19917000)
 Metaspace       used 19913K, capacity 20361K, committed 20608K, reserved 20864K
Event: 7014.688 GC heap after
Heap after GC invocations=64 (full 3):
 def new generation   total 58368K, used 2255K [0x07000000, 0x0af50000, 0x11aa0000)
  eden space 51904K,   0% used [0x07000000, 0x07000000, 0x0a2b0000)
  from space 6464K,  34% used [0x0a900000, 0x0ab33e60, 0x0af50000)
  to   space 6464K,   0% used [0x0a2b0000, 0x0a2b0000, 0x0a900000)
 tenured generation   total 129500K, used 78447K [0x11aa0000, 0x19917000, 0x27000000)
   the space 129500K,  60% used [0x11aa0000, 0x1673bdc8, 0x1673be00, 0x19917000)
 Metaspace       used 19913K, capacity 20361K, committed 20608K, reserved 20864K
}
Event: 7019.084 GC heap before
{Heap before GC invocations=64 (full 3):
 def new generation   total 58368K, used 30723K [0x07000000, 0x0af50000, 0x11aa0000)
  eden space 51904K,  54% used [0x07000000, 0x08bccec8, 0x0a2b0000)
  from space 6464K,  34% used [0x0a900000, 0x0ab33e60, 0x0af50000)
  to   space 6464K,   0% used [0x0a2b0000, 0x0a2b0000, 0x0a900000)
 tenured generation   total 129500K, used 78447K [0x11aa0000, 0x19917000, 0x27000000)
   the space 129500K,  60% used [0x11aa0000, 0x1673bdc8, 0x1673be00, 0x19917000)
 Metaspace       used 19913K, capacity 20361K, committed 20608K, reserved 20864K
Event: 7019.086 GC heap after
Heap after GC invocations=65 (full 3):
 def new generation   total 58368K, used 2640K [0x07000000, 0x0af50000, 0x11aa0000)
  eden space 51904K,   0% used [0x07000000, 0x07000000, 0x0a2b0000)
  from space 6464K,  40% used [0x0a2b0000, 0x0a544350, 0x0a900000)
  to   space 6464K,   0% used [0x0a900000, 0x0a900000, 0x0af50000)
 tenured generation   total 129500K, used 78447K [0x11aa0000, 0x19917000, 0x27000000)
   the space 129500K,  60% used [0x11aa0000, 0x1673bdc8, 0x1673be00, 0x19917000)
 Metaspace       used 19913K, capacity 20361K, committed 20608K, reserved 20864K
}
Event: 7021.216 GC heap before
{Heap before GC invocations=65 (full 3):
 def new generation   total 58368K, used 52021K [0x07000000, 0x0af50000, 0x11aa0000)
  eden space 51904K,  95% used [0x07000000, 0x0a0392b0, 0x0a2b0000)
  from space 6464K,  40% used [0x0a2b0000, 0x0a544350, 0x0a900000)
  to   space 6464K,   0% used [0x0a900000, 0x0a900000, 0x0af50000)
 tenured generation   total 129500K, used 78447K [0x11aa0000, 0x19917000, 0x27000000)
   the space 129500K,  60% used [0x11aa0000, 0x1673bdc8, 0x1673be00, 0x19917000)
 Metaspace       used 19913K, capacity 20361K, committed 20608K, reserved 20864K
Event: 7021.218 GC heap after
Heap after GC invocations=66 (full 3):
 def new generation   total 58368K, used 2641K [0x07000000, 0x0af50000, 0x11aa0000)
  eden space 51904K,   0% used [0x07000000, 0x07000000, 0x0a2b0000)
  from space 6464K,  40% used [0x0a900000, 0x0ab94750, 0x0af50000)
  to   space 6464K,   0% used [0x0a2b0000, 0x0a2b0000, 0x0a900000)
 tenured generation   total 129500K, used 78447K [0x11aa0000, 0x19917000, 0x27000000)
   the space 129500K,  60% used [0x11aa0000, 0x1673bdc8, 0x1673be00, 0x19917000)
 Metaspace       used 19913K, capacity 20361K, committed 20608K, reserved 20864K
}

