# JRE version: Java(TM) SE Runtime Environment (8.0_144-b01) (build 1.8.0_144-b01)
# Java VM: Java HotSpot(TM) Client VM (25.144-b01 mixed mode windows-x86 )
Heap:
 def new generation   total 67264K, used 29975K [0x07000000, 0x0b8f0000, 0x11aa0000)
  eden space 59840K,  48% used [0x07000000, 0x08c30ec0, 0x0aa70000)
  from space 7424K,  14% used [0x0aa70000, 0x0ab850a0, 0x0b1b0000)
  to   space 7424K,   0% used [0x0b1b0000, 0x0b1b0000, 0x0b8f0000)
 tenured generation   total 149320K, used 147408K [0x11aa0000, 0x1ac72000, 0x27000000)
   the space 149320K,  98% used [0x11aa0000, 0x1aa941e0, 0x1aa94200, 0x1ac72000)
 Metaspace       used 19892K, capacity 20346K, committed 20480K, reserved 20864K
GC Heap History (10 events):
Event: 12560.802 GC heap before
{Heap before GC invocations=64 (full 5):
 def new generation   total 67264K, used 56226K [0x07000000, 0x0b8f0000, 0x11aa0000)
  eden space 59840K,  85% used [0x07000000, 0x0a241830, 0x0aa70000)
  from space 7424K,  64% used [0x0b1b0000, 0x0b6572a0, 0x0b8f0000)
  to   space 7424K,   0% used [0x0aa70000, 0x0aa70000, 0x0b1b0000)
 tenured generation   total 149320K, used 94798K [0x11aa0000, 0x1ac72000, 0x27000000)
   the space 149320K,  63% used [0x11aa0000, 0x17733a70, 0x17733c00, 0x1ac72000)
 Metaspace       used 19892K, capacity 20346K, committed 20480K, reserved 20864K
Event: 12560.817 GC heap after
Heap after GC invocations=65 (full 5):
 def new generation   total 67264K, used 2861K [0x07000000, 0x0b8f0000, 0x11aa0000)
  eden space 59840K,   0% used [0x07000000, 0x07000000, 0x0aa70000)
  from space 7424K,  38% used [0x0aa70000, 0x0ad3b5f0, 0x0b1b0000)
  to   space 7424K,   0% used [0x0b1b0000, 0x0b1b0000, 0x0b8f0000)
 tenured generation   total 149320K, used 122469K [0x11aa0000, 0x1ac72000, 0x27000000)
   the space 149320K,  82% used [0x11aa0000, 0x19239430, 0x19239600, 0x1ac72000)
 Metaspace       used 19892K, capacity 20346K, committed 20480K, reserved 20864K
}
Event: 12561.477 GC heap before
{Heap before GC invocations=65 (full 5):
 def new generation   total 67264K, used 60530K [0x07000000, 0x0b8f0000, 0x11aa0000)
  eden space 59840K,  96% used [0x07000000, 0x0a851518, 0x0aa70000)
  from space 7424K,  38% used [0x0aa70000, 0x0ad3b5f0, 0x0b1b0000)
  to   space 7424K,   0% used [0x0b1b0000, 0x0b1b0000, 0x0b8f0000)
 tenured generation   total 149320K, used 122469K [0x11aa0000, 0x1ac72000, 0x27000000)
   the space 149320K,  82% used [0x11aa0000, 0x19239430, 0x19239600, 0x1ac72000)
 Metaspace       used 19892K, capacity 20346K, committed 20480K, reserved 20864K
Event: 12561.484 GC heap after
Heap after GC invocations=66 (full 5):
 def new generation   total 67264K, used 3516K [0x07000000, 0x0b8f0000, 0x11aa0000)
  eden space 59840K,   0% used [0x07000000, 0x07000000, 0x0aa70000)
  from space 7424K,  47% used [0x0b1b0000, 0x0b51f1a8, 0x0b8f0000)
  to   space 7424K,   0% used [0x0aa70000, 0x0aa70000, 0x0b1b0000)
 tenured generation   total 149320K, used 133943K [0x11aa0000, 0x1ac72000, 0x27000000)
   the space 149320K,  89% used [0x11aa0000, 0x19d6dea0, 0x19d6e000, 0x1ac72000)
 Metaspace       used 19892K, capacity 20346K, committed 20480K, reserved 20864K
}
Event: 12565.407 GC heap before
{Heap before GC invocations=66 (full 5):
 def new generation   total 67264K, used 61495K [0x07000000, 0x0b8f0000, 0x11aa0000)
  eden space 59840K,  96% used [0x07000000, 0x0a89ece8, 0x0aa70000)
  from space 7424K,  47% used [0x0b1b0000, 0x0b51f1a8, 0x0b8f0000)
  to   space 7424K,   0% used [0x0aa70000, 0x0aa70000, 0x0b1b0000)
 tenured generation   total 149320K, used 133943K [0x11aa0000, 0x1ac72000, 0x27000000)
   the space 149320K,  89% used [0x11aa0000, 0x19d6dea0, 0x19d6e000, 0x1ac72000)
 Metaspace       used 19892K, capacity 20346K, committed 20480K, reserved 20864K
Event: 12565.410 GC heap after
Heap after GC invocations=67 (full 5):
 def new generation   total 67264K, used 4133K [0x07000000, 0x0b8f0000, 0x11aa0000)
  eden space 59840K,   0% used [0x07000000, 0x07000000, 0x0aa70000)
  from space 7424K,  55% used [0x0aa70000, 0x0ae79508, 0x0b1b0000)
  to   space 7424K,   0% used [0x0b1b0000, 0x0b1b0000, 0x0b8f0000)
 tenured generation   total 149320K, used 133943K [0x11aa0000, 0x1ac72000, 0x27000000)
   the space 149320K,  89% used [0x11aa0000, 0x19d6dea0, 0x19d6e000, 0x1ac72000)
 Metaspace       used 19892K, capacity 20346K, committed 20480K, reserved 20864K
}
Event: 12570.725 GC heap before
{Heap before GC invocations=67 (full 5):
 def new generation   total 67264K, used 57437K [0x07000000, 0x0b8f0000, 0x11aa0000)
  eden space 59840K,  89% used [0x07000000, 0x0a40e090, 0x0aa70000)
  from space 7424K,  55% used [0x0aa70000, 0x0ae79508, 0x0b1b0000)
  to   space 7424K,   0% used [0x0b1b0000, 0x0b1b0000, 0x0b8f0000)
 tenured generation   total 149320K, used 133943K [0x11aa0000, 0x1ac72000, 0x27000000)
   the space 149320K,  89% used [0x11aa0000, 0x19d6dea0, 0x19d6e000, 0x1ac72000)
 Metaspace       used 19892K, capacity 20346K, committed 20480K, reserved 20864K
Event: 12570.727 GC heap after
Heap after GC invocations=68 (full 5):
 def new generation   total 67264K, used 4216K [0x07000000, 0x0b8f0000, 0x11aa0000)
  eden space 59840K,   0% used [0x07000000, 0x07000000, 0x0aa70000)
  from space 7424K,  56% used [0x0b1b0000, 0x0b5ce378, 0x0b8f0000)
  to   space 7424K,   0% used [0x0aa70000, 0x0aa70000, 0x0b1b0000)
 tenured generation   total 149320K, used 133944K [0x11aa0000, 0x1ac72000, 0x27000000)
   the space 149320K,  89% used [0x11aa0000, 0x19d6e300, 0x19d6e400, 0x1ac72000)
 Metaspace       used 19892K, capacity 20346K, committed 20480K, reserved 20864K
}
Event: 12573.270 GC heap before
{Heap before GC invocations=68 (full 5):
 def new generation   total 67264K, used 56578K [0x07000000, 0x0b8f0000, 0x11aa0000)
  eden space 59840K,  87% used [0x07000000, 0x0a322548, 0x0aa70000)
  from space 7424K,  56% used [0x0b1b0000, 0x0b5ce378, 0x0b8f0000)
  to   space 7424K,   0% used [0x0aa70000, 0x0aa70000, 0x0b1b0000)
 tenured generation   total 149320K, used 133944K [0x11aa0000, 0x1ac72000, 0x27000000)
   the space 149320K,  89% used [0x11aa0000, 0x19d6e300, 0x19d6e400, 0x1ac72000)
 Metaspace       used 19892K, capacity 20346K, committed 20480K, reserved 20864K
Event: 12573.275 GC heap after
Heap after GC invocations=69 (full 5):
 def new generation   total 67264K, used 1108K [0x07000000, 0x0b8f0000, 0x11aa0000)
  eden space 59840K,   0% used [0x07000000, 0x07000000, 0x0aa70000)
  from space 7424K,  14% used [0x0aa70000, 0x0ab850a0, 0x0b1b0000)
  to   space 7424K,   0% used [0x0b1b0000, 0x0b1b0000, 0x0b8f0000)
 tenured generation   total 149320K, used 147408K [0x11aa0000, 0x1ac72000, 0x27000000)
   the space 149320K,  98% used [0x11aa0000, 0x1aa941e0, 0x1aa94200, 0x1ac72000)
 Metaspace       used 19892K, capacity 20346K, committed 20480K, reserved 20864K
}

