# JRE version: Java(TM) SE Runtime Environment (8.0_144-b01) (build 1.8.0_144-b01)
# Java VM: Java HotSpot(TM) Client VM (25.144-b01 mixed mode windows-x86 )
Heap:
 def new generation   total 118144K, used 113019K [0x06600000, 0x0e630000, 0x110a0000)
  eden space 105024K,  99% used [0x06600000, 0x0cc1b100, 0x0cc90000)
  from space 13120K,  64% used [0x0cc90000, 0x0d4d3cc8, 0x0d960000)
  to   space 13120K,   0% used [0x0d960000, 0x0d960000, 0x0e630000)
 tenured generation   total 262424K, used 178019K [0x110a0000, 0x210e6000, 0x26600000)
   the space 262424K,  67% used [0x110a0000, 0x1be78e10, 0x1be79000, 0x210e6000)
 Metaspace       used 20155K, capacity 20619K, committed 20864K, reserved 20864K
GC Heap History (10 events):
Event: 77699.835 GC heap before
{Heap before GC invocations=1030 (full 129):
 def new generation   total 118144K, used 98423K [0x06600000, 0x0e630000, 0x110a0000)
  eden space 105024K,  92% used [0x06600000, 0x0c554670, 0x0cc90000)
  from space 13120K,   6% used [0x0d960000, 0x0da29988, 0x0e630000)
  to   space 13120K,   0% used [0x0cc90000, 0x0cc90000, 0x0d960000)
 tenured generation   total 262424K, used 128139K [0x110a0000, 0x210e6000, 0x26600000)
   the space 262424K,  48% used [0x110a0000, 0x18dc2c70, 0x18dc2e00, 0x210e6000)
 Metaspace       used 20155K, capacity 20619K, committed 20864K, reserved 20864K
Event: 77699.838 GC heap after
Heap after GC invocations=1031 (full 129):
 def new generation   total 118144K, used 861K [0x06600000, 0x0e630000, 0x110a0000)
  eden space 105024K,   0% used [0x06600000, 0x06600000, 0x0cc90000)
  from space 13120K,   6% used [0x0cc90000, 0x0cd67570, 0x0d960000)
  to   space 13120K,   0% used [0x0d960000, 0x0d960000, 0x0e630000)
 tenured generation   total 262424K, used 128139K [0x110a0000, 0x210e6000, 0x26600000)
   the space 262424K,  48% used [0x110a0000, 0x18dc2c70, 0x18dc2e00, 0x210e6000)
 Metaspace       used 20155K, capacity 20619K, committed 20864K, reserved 20864K
}
Event: 77706.013 GC heap before
{Heap before GC invocations=1031 (full 129):
 def new generation   total 118144K, used 100026K [0x06600000, 0x0e630000, 0x110a0000)
  eden space 105024K,  94% used [0x06600000, 0x0c6d7518, 0x0cc90000)
  from space 13120K,   6% used [0x0cc90000, 0x0cd67570, 0x0d960000)
  to   space 13120K,   0% used [0x0d960000, 0x0d960000, 0x0e630000)
 tenured generation   total 262424K, used 128139K [0x110a0000, 0x210e6000, 0x26600000)
   the space 262424K,  48% used [0x110a0000, 0x18dc2c70, 0x18dc2e00, 0x210e6000)
 Metaspace       used 20155K, capacity 20619K, committed 20864K, reserved 20864K
Event: 77706.019 GC heap after
Heap after GC invocations=1032 (full 129):
 def new generation   total 118144K, used 9456K [0x06600000, 0x0e630000, 0x110a0000)
  eden space 105024K,   0% used [0x06600000, 0x06600000, 0x0cc90000)
  from space 13120K,  72% used [0x0d960000, 0x0e29c220, 0x0e630000)
  to   space 13120K,   0% used [0x0cc90000, 0x0cc90000, 0x0d960000)
 tenured generation   total 262424K, used 128139K [0x110a0000, 0x210e6000, 0x26600000)
   the space 262424K,  48% used [0x110a0000, 0x18dc2c70, 0x18dc2e00, 0x210e6000)
 Metaspace       used 20155K, capacity 20619K, committed 20864K, reserved 20864K
}
Event: 77713.164 GC heap before
{Heap before GC invocations=1032 (full 129):
 def new generation   total 118144K, used 114480K [0x06600000, 0x0e630000, 0x110a0000)
  eden space 105024K, 100% used [0x06600000, 0x0cc90000, 0x0cc90000)
  from space 13120K,  72% used [0x0d960000, 0x0e29c220, 0x0e630000)
  to   space 13120K,   0% used [0x0cc90000, 0x0cc90000, 0x0d960000)
 tenured generation   total 262424K, used 128139K [0x110a0000, 0x210e6000, 0x26600000)
   the space 262424K,  48% used [0x110a0000, 0x18dc2c70, 0x18dc2e00, 0x210e6000)
 Metaspace       used 20155K, capacity 20619K, committed 20864K, reserved 20864K
Event: 77713.173 GC heap after
Heap after GC invocations=1033 (full 129):
 def new generation   total 118144K, used 8469K [0x06600000, 0x0e630000, 0x110a0000)
  eden space 105024K,   0% used [0x06600000, 0x06600000, 0x0cc90000)
  from space 13120K,  64% used [0x0cc90000, 0x0d4d55e8, 0x0d960000)
  to   space 13120K,   0% used [0x0d960000, 0x0d960000, 0x0e630000)
 tenured generation   total 262424K, used 145064K [0x110a0000, 0x210e6000, 0x26600000)
   the space 262424K,  55% used [0x110a0000, 0x19e4a1c8, 0x19e4a200, 0x210e6000)
 Metaspace       used 20155K, capacity 20619K, committed 20864K, reserved 20864K
}
Event: 77721.644 GC heap before
{Heap before GC invocations=1033 (full 129):
 def new generation   total 118144K, used 104733K [0x06600000, 0x0e630000, 0x110a0000)
  eden space 105024K,  91% used [0x06600000, 0x0c401ee8, 0x0cc90000)
  from space 13120K,  64% used [0x0cc90000, 0x0d4d55e8, 0x0d960000)
  to   space 13120K,   0% used [0x0d960000, 0x0d960000, 0x0e630000)
 tenured generation   total 262424K, used 145064K [0x110a0000, 0x210e6000, 0x26600000)
   the space 262424K,  55% used [0x110a0000, 0x19e4a1c8, 0x19e4a200, 0x210e6000)
 Metaspace       used 20155K, capacity 20619K, committed 20864K, reserved 20864K
Event: 77721.651 GC heap after
Heap after GC invocations=1034 (full 129):
 def new generation   total 118144K, used 9240K [0x06600000, 0x0e630000, 0x110a0000)
  eden space 105024K,   0% used [0x06600000, 0x06600000, 0x0cc90000)
  from space 13120K,  70% used [0x0d960000, 0x0e266330, 0x0e630000)
  to   space 13120K,   0% used [0x0cc90000, 0x0cc90000, 0x0d960000)
 tenured generation   total 262424K, used 161156K [0x110a0000, 0x210e6000, 0x26600000)
   the space 262424K,  61% used [0x110a0000, 0x1ae011b0, 0x1ae01200, 0x210e6000)
 Metaspace       used 20155K, capacity 20619K, committed 20864K, reserved 20864K
}
Event: 77725.975 GC heap before
{Heap before GC invocations=1034 (full 129):
 def new generation   total 118144K, used 105682K [0x06600000, 0x0e630000, 0x110a0000)
  eden space 105024K,  91% used [0x06600000, 0x0c42e838, 0x0cc90000)
  from space 13120K,  70% used [0x0d960000, 0x0e266330, 0x0e630000)
  to   space 13120K,   0% used [0x0cc90000, 0x0cc90000, 0x0d960000)
 tenured generation   total 262424K, used 161156K [0x110a0000, 0x210e6000, 0x26600000)
   the space 262424K,  61% used [0x110a0000, 0x1ae011b0, 0x1ae01200, 0x210e6000)
 Metaspace       used 20155K, capacity 20619K, committed 20864K, reserved 20864K
Event: 77725.982 GC heap after
Heap after GC invocations=1035 (full 129):
 def new generation   total 118144K, used 8463K [0x06600000, 0x0e630000, 0x110a0000)
  eden space 105024K,   0% used [0x06600000, 0x06600000, 0x0cc90000)
  from space 13120K,  64% used [0x0cc90000, 0x0d4d3cc8, 0x0d960000)
  to   space 13120K,   0% used [0x0d960000, 0x0d960000, 0x0e630000)
 tenured generation   total 262424K, used 178019K [0x110a0000, 0x210e6000, 0x26600000)
   the space 262424K,  67% used [0x110a0000, 0x1be78e10, 0x1be79000, 0x210e6000)
 Metaspace       used 20155K, capacity 20619K, committed 20864K, reserved 20864K
}

