# JRE version: Java(TM) SE Runtime Environment (8.0_144-b01) (build 1.8.0_144-b01)
# Java VM: Java HotSpot(TM) Client VM (25.144-b01 mixed mode windows-x86 )
Heap:
 def new generation   total 42304K, used 13606K [0x06800000, 0x095e0000, 0x112a0000)
  eden space 37632K,  30% used [0x06800000, 0x07317da8, 0x08cc0000)
  from space 4672K,  48% used [0x09150000, 0x09381c30, 0x095e0000)
  to   space 4672K,   0% used [0x08cc0000, 0x08cc0000, 0x09150000)
 tenured generation   total 93912K, used 77191K [0x112a0000, 0x16e56000, 0x26800000)
   the space 93912K,  82% used [0x112a0000, 0x15e01cb8, 0x15e01e00, 0x16e56000)
 Metaspace       used 19600K, capacity 20060K, committed 20352K, reserved 20864K
GC Heap History (10 events):
Event: 13287.382 GC heap before
{Heap before GC invocations=332 (full 3):
 def new generation   total 42304K, used 35545K [0x06800000, 0x095e0000, 0x112a0000)
  eden space 37632K,  94% used [0x06800000, 0x08ab66e8, 0x08cc0000)
  from space 4672K,   0% used [0x08cc0000, 0x08cc0000, 0x09150000)
  to   space 4672K,   0% used [0x09150000, 0x09150000, 0x095e0000)
 tenured generation   total 93912K, used 56346K [0x112a0000, 0x16e56000, 0x26800000)
   the space 93912K,  59% used [0x112a0000, 0x149a6ad8, 0x149a6c00, 0x16e56000)
 Metaspace       used 19600K, capacity 20060K, committed 20352K, reserved 20864K
Event: 13287.383 GC heap after
Heap after GC invocations=333 (full 3):
 def new generation   total 42304K, used 2277K [0x06800000, 0x095e0000, 0x112a0000)
  eden space 37632K,   0% used [0x06800000, 0x06800000, 0x08cc0000)
  from space 4672K,  48% used [0x09150000, 0x09389470, 0x095e0000)
  to   space 4672K,   0% used [0x08cc0000, 0x08cc0000, 0x09150000)
 tenured generation   total 93912K, used 56346K [0x112a0000, 0x16e56000, 0x26800000)
   the space 93912K,  59% used [0x112a0000, 0x149a6ad8, 0x149a6c00, 0x16e56000)
 Metaspace       used 19600K, capacity 20060K, committed 20352K, reserved 20864K
}
Event: 13292.606 GC heap before
{Heap before GC invocations=333 (full 3):
 def new generation   total 42304K, used 33680K [0x06800000, 0x095e0000, 0x112a0000)
  eden space 37632K,  83% used [0x06800000, 0x086aad18, 0x08cc0000)
  from space 4672K,  48% used [0x09150000, 0x09389470, 0x095e0000)
  to   space 4672K,   0% used [0x08cc0000, 0x08cc0000, 0x09150000)
 tenured generation   total 93912K, used 56346K [0x112a0000, 0x16e56000, 0x26800000)
   the space 93912K,  59% used [0x112a0000, 0x149a6ad8, 0x149a6c00, 0x16e56000)
 Metaspace       used 19600K, capacity 20060K, committed 20352K, reserved 20864K
Event: 13292.610 GC heap after
Heap after GC invocations=334 (full 3):
 def new generation   total 42304K, used 2875K [0x06800000, 0x095e0000, 0x112a0000)
  eden space 37632K,   0% used [0x06800000, 0x06800000, 0x08cc0000)
  from space 4672K,  61% used [0x08cc0000, 0x08f8efa8, 0x09150000)
  to   space 4672K,   0% used [0x09150000, 0x09150000, 0x095e0000)
 tenured generation   total 93912K, used 66328K [0x112a0000, 0x16e56000, 0x26800000)
   the space 93912K,  70% used [0x112a0000, 0x153662a8, 0x15366400, 0x16e56000)
 Metaspace       used 19600K, capacity 20060K, committed 20352K, reserved 20864K
}
Event: 13305.076 GC heap before
{Heap before GC invocations=334 (full 3):
 def new generation   total 42304K, used 25211K [0x06800000, 0x095e0000, 0x112a0000)
  eden space 37632K,  59% used [0x06800000, 0x07dcff78, 0x08cc0000)
  from space 4672K,  61% used [0x08cc0000, 0x08f8efa8, 0x09150000)
  to   space 4672K,   0% used [0x09150000, 0x09150000, 0x095e0000)
 tenured generation   total 93912K, used 66328K [0x112a0000, 0x16e56000, 0x26800000)
   the space 93912K,  70% used [0x112a0000, 0x153662a8, 0x15366400, 0x16e56000)
 Metaspace       used 19600K, capacity 20060K, committed 20352K, reserved 20864K
Event: 13305.079 GC heap after
Heap after GC invocations=335 (full 3):
 def new generation   total 42304K, used 1289K [0x06800000, 0x095e0000, 0x112a0000)
  eden space 37632K,   0% used [0x06800000, 0x06800000, 0x08cc0000)
  from space 4672K,  27% used [0x09150000, 0x09292548, 0x095e0000)
  to   space 4672K,   0% used [0x08cc0000, 0x08cc0000, 0x09150000)
 tenured generation   total 93912K, used 77191K [0x112a0000, 0x16e56000, 0x26800000)
   the space 93912K,  82% used [0x112a0000, 0x15e01cb8, 0x15e01e00, 0x16e56000)
 Metaspace       used 19600K, capacity 20060K, committed 20352K, reserved 20864K
}
Event: 13315.076 GC heap before
{Heap before GC invocations=335 (full 3):
 def new generation   total 42304K, used 30609K [0x06800000, 0x095e0000, 0x112a0000)
  eden space 37632K,  77% used [0x06800000, 0x084a1eb8, 0x08cc0000)
  from space 4672K,  27% used [0x09150000, 0x09292548, 0x095e0000)
  to   space 4672K,   0% used [0x08cc0000, 0x08cc0000, 0x09150000)
 tenured generation   total 93912K, used 77191K [0x112a0000, 0x16e56000, 0x26800000)
   the space 93912K,  82% used [0x112a0000, 0x15e01cb8, 0x15e01e00, 0x16e56000)
 Metaspace       used 19600K, capacity 20060K, committed 20352K, reserved 20864K
Event: 13315.077 GC heap after
Heap after GC invocations=336 (full 3):
 def new generation   total 42304K, used 2151K [0x06800000, 0x095e0000, 0x112a0000)
  eden space 37632K,   0% used [0x06800000, 0x06800000, 0x08cc0000)
  from space 4672K,  46% used [0x08cc0000, 0x08ed9cd8, 0x09150000)
  to   space 4672K,   0% used [0x09150000, 0x09150000, 0x095e0000)
 tenured generation   total 93912K, used 77191K [0x112a0000, 0x16e56000, 0x26800000)
   the space 93912K,  82% used [0x112a0000, 0x15e01cb8, 0x15e01e00, 0x16e56000)
 Metaspace       used 19600K, capacity 20060K, committed 20352K, reserved 20864K
}
Event: 13323.976 GC heap before
{Heap before GC invocations=336 (full 3):
 def new generation   total 42304K, used 35486K [0x06800000, 0x095e0000, 0x112a0000)
  eden space 37632K,  88% used [0x06800000, 0x0888db48, 0x08cc0000)
  from space 4672K,  46% used [0x08cc0000, 0x08ed9cd8, 0x09150000)
  to   space 4672K,   0% used [0x09150000, 0x09150000, 0x095e0000)
 tenured generation   total 93912K, used 77191K [0x112a0000, 0x16e56000, 0x26800000)
   the space 93912K,  82% used [0x112a0000, 0x15e01cb8, 0x15e01e00, 0x16e56000)
 Metaspace       used 19600K, capacity 20060K, committed 20352K, reserved 20864K
Event: 13323.978 GC heap after
Heap after GC invocations=337 (full 3):
 def new generation   total 42304K, used 2247K [0x06800000, 0x095e0000, 0x112a0000)
  eden space 37632K,   0% used [0x06800000, 0x06800000, 0x08cc0000)
  from space 4672K,  48% used [0x09150000, 0x09381c30, 0x095e0000)
  to   space 4672K,   0% used [0x08cc0000, 0x08cc0000, 0x09150000)
 tenured generation   total 93912K, used 77191K [0x112a0000, 0x16e56000, 0x26800000)
   the space 93912K,  82% used [0x112a0000, 0x15e01cb8, 0x15e01e00, 0x16e56000)
 Metaspace       used 19600K, capacity 20060K, committed 20352K, reserved 20864K
}

